<?xml version="1.0" encoding="UTF-8"?>
<!-- Generated by org.testng.reporters.JUnitReportReporter -->
<testsuite hostname="smekto4ka" name="org.jpwh.test.associations.OneToManyJoinTable" tests="1" failures="0" timestamp="1 May 2021 09:50:18 GMT" time="0.153" errors="0">
  <testcase name="storeAndLoadItemUsers" time="0.153" classname="org.jpwh.test.associations.OneToManyJoinTable"/>
</testsuite> <!-- org.jpwh.test.associations.OneToManyJoinTable -->
