<?xml version="1.0" encoding="UTF-8"?>
<!-- Generated by org.testng.reporters.JUnitReportReporter -->
<testsuite hostname="smekto4ka" name="org.jpwh.test.bulkbatch.BatchInsertUpdate" tests="2" failures="0" timestamp="1 May 2021 09:50:18 GMT" time="7.218" errors="0">
  <testcase name="batchInsertUpdate" time="4.336" classname="org.jpwh.test.bulkbatch.BatchInsertUpdate"/>
  <testcase name="batchInsertUpdateWithStatelessSession" time="2.882" classname="org.jpwh.test.bulkbatch.BatchInsertUpdate"/>
</testsuite> <!-- org.jpwh.test.bulkbatch.BatchInsertUpdate -->
