<?xml version="1.0" encoding="UTF-8"?>
<!-- Generated by org.testng.reporters.JUnitReportReporter -->
<testsuite hostname="smekto4ka" name="org.jpwh.test.filtering.Cascade" tests="3" failures="0" timestamp="1 May 2021 09:50:18 GMT" time="0.466" errors="0">
  <testcase name="detachMerge" time="0.132" classname="org.jpwh.test.filtering.Cascade"/>
  <testcase name="refresh" time="0.156" classname="org.jpwh.test.filtering.Cascade"/>
  <testcase name="replicate" time="0.178" classname="org.jpwh.test.filtering.Cascade"/>
</testsuite> <!-- org.jpwh.test.filtering.Cascade -->
