<?xml version="1.0" encoding="UTF-8"?>
<!-- Generated by org.testng.reporters.JUnitReportReporter -->
<testsuite hostname="smekto4ka" name="org.jpwh.test.filtering.Envers" tests="1" failures="0" timestamp="1 May 2021 09:50:18 GMT" time="2.566" errors="0">
  <testcase name="auditLogging" time="2.566" classname="org.jpwh.test.filtering.Envers"/>
</testsuite> <!-- org.jpwh.test.filtering.Envers -->
