<?xml version="1.0" encoding="UTF-8"?>
<!-- Generated by org.testng.reporters.JUnitReportReporter -->
<testsuite hostname="smekto4ka" name="org.jpwh.test.querying.criteria.Projection" tests="2" failures="0" timestamp="1 May 2021 09:50:18 GMT" time="4.927" errors="0">
  <testcase name="executeQueriesWithFunctions" time="2.396" classname="org.jpwh.test.querying.criteria.Projection"/>
  <testcase name="executeQueries" time="2.531" classname="org.jpwh.test.querying.criteria.Projection"/>
</testsuite> <!-- org.jpwh.test.querying.criteria.Projection -->
