<?xml version="1.0" encoding="UTF-8"?>
<!-- Generated by org.testng.reporters.JUnitReportReporter -->
<testsuite hostname="smekto4ka" name="org.jpwh.test.cache.SecondLevel" tests="5" failures="0" timestamp="1 May 2021 09:50:18 GMT" time="0.790" errors="0">
  <testcase name="cacheNaturalId" time="0.315" classname="org.jpwh.test.cache.SecondLevel"/>
  <testcase name="cacheControl" time="0.115" classname="org.jpwh.test.cache.SecondLevel"/>
  <testcase name="cacheQueryResults" time="0.112" classname="org.jpwh.test.cache.SecondLevel"/>
  <testcase name="cacheModes" time="0.114" classname="org.jpwh.test.cache.SecondLevel"/>
  <testcase name="cacheBehavior" time="0.134" classname="org.jpwh.test.cache.SecondLevel"/>
</testsuite> <!-- org.jpwh.test.cache.SecondLevel -->
