<?xml version="1.0" encoding="UTF-8"?>
<!-- Generated by org.testng.reporters.JUnitReportReporter -->
<testsuite hostname="smekto4ka" name="org.jpwh.test.advanced.DerivedProperties" tests="2" failures="0" timestamp="1 May 2021 09:50:18 GMT" time="0.257" errors="0">
  <testcase name="storeLoadFormula" time="0.133" classname="org.jpwh.test.advanced.DerivedProperties"/>
  <testcase name="storeLoadFormulaSubselect" time="0.124" classname="org.jpwh.test.advanced.DerivedProperties"/>
</testsuite> <!-- org.jpwh.test.advanced.DerivedProperties -->
