<?xml version="1.0" encoding="UTF-8"?>
<!-- Generated by org.testng.reporters.JUnitReportReporter -->
<testsuite hostname="smekto4ka" name="org.jpwh.test.bulkbatch.BulkStatementsCriteria" tests="3" failures="0" timestamp="1 May 2021 09:50:18 GMT" time="0.335" errors="0">
  <testcase name="bulkUpdate" time="0.113" classname="org.jpwh.test.bulkbatch.BulkStatementsCriteria"/>
  <testcase name="bulkUpdateVersioned" time="0.111" classname="org.jpwh.test.bulkbatch.BulkStatementsCriteria"/>
  <testcase name="bulkDelete" time="0.111" classname="org.jpwh.test.bulkbatch.BulkStatementsCriteria"/>
</testsuite> <!-- org.jpwh.test.bulkbatch.BulkStatementsCriteria -->
