<?xml version="1.0" encoding="UTF-8"?>
<!-- Generated by org.testng.reporters.JUnitReportReporter -->
<testsuite hostname="smekto4ka" name="org.jpwh.test.concurrency.Versioning" tests="3" failures="0" timestamp="1 May 2021 09:50:18 GMT" time="0.608" errors="0">
  <testcase name="manualVersionChecking" time="0.296" classname="org.jpwh.test.concurrency.Versioning"/>
  <testcase name="firstCommitWins" time="0.177" classname="org.jpwh.test.concurrency.Versioning"/>
  <testcase name="forceIncrement" time="0.135" classname="org.jpwh.test.concurrency.Versioning"/>
</testsuite> <!-- org.jpwh.test.concurrency.Versioning -->
