<?xml version="1.0" encoding="UTF-8"?>
<!-- Generated by org.testng.reporters.JUnitReportReporter -->
<testsuite hostname="smekto4ka" name="org.jpwh.test.inheritance.MixedFetchSelect" tests="3" failures="0" timestamp="1 May 2021 09:50:18 GMT" time="3.171" errors="0">
  <testcase name="storeBillingDetailsLoadCreditCards" time="0.955" classname="org.jpwh.test.inheritance.MixedFetchSelect"/>
  <testcase name="jdbcBillingDetailsSqlQuery" time="0.951" classname="org.jpwh.test.inheritance.MixedFetchSelect"/>
  <testcase name="storeLoadBillingDetails" time="1.265" classname="org.jpwh.test.inheritance.MixedFetchSelect"/>
</testsuite> <!-- org.jpwh.test.inheritance.MixedFetchSelect -->
