<?xml version="1.0" encoding="UTF-8"?>
<!-- Generated by org.testng.reporters.JUnitReportReporter -->
<testsuite hostname="smekto4ka" name="org.jpwh.test.simple.AccessJPAMetamodel" tests="3" failures="0" timestamp="1 May 2021 09:50:18 GMT" time="0.483" errors="0">
  <testcase name="queryStaticMetamodel" time="0.192" classname="org.jpwh.test.simple.AccessJPAMetamodel"/>
  <testcase name="accessDynamicMetamodel" time="0.156" classname="org.jpwh.test.simple.AccessJPAMetamodel"/>
  <testcase name="accessStaticMetamodel" time="0.135" classname="org.jpwh.test.simple.AccessJPAMetamodel"/>
</testsuite> <!-- org.jpwh.test.simple.AccessJPAMetamodel -->
