<?xml version="1.0" encoding="UTF-8"?>
<!-- Generated by org.testng.reporters.JUnitReportReporter -->
<testsuite hostname="smekto4ka" name="org.jpwh.test.querying.criteria.Subselects" tests="1" failures="0" timestamp="1 May 2021 09:50:18 GMT" time="2.571" errors="0">
  <testcase name="executeQueries" time="2.571" classname="org.jpwh.test.querying.criteria.Subselects"/>
</testsuite> <!-- org.jpwh.test.querying.criteria.Subselects -->
