<?xml version="1.0" encoding="UTF-8"?>
<!-- Generated by org.testng.reporters.JUnitReportReporter -->
<testsuite hostname="smekto4ka" name="org.jpwh.test.associations.OneToOneJoinTable" tests="2" failures="0" timestamp="1 May 2021 09:50:18 GMT" time="0.276" errors="0">
  <testcase name="storeAndLoadUserAddress" time="0.138" classname="org.jpwh.test.associations.OneToOneJoinTable"/>
  <testcase name="storeNonUniqueRelationship" time="0.138" classname="org.jpwh.test.associations.OneToOneJoinTable"/>
</testsuite> <!-- org.jpwh.test.associations.OneToOneJoinTable -->
