<?xml version="1.0" encoding="UTF-8"?>
<!-- Generated by org.testng.reporters.JUnitReportReporter -->
<testsuite hostname="smekto4ka" name="org.jpwh.test.querying.CreateExecuteQueries" tests="9" failures="0" timestamp="1 May 2021 09:50:18 GMT" time="22.646" errors="0">
  <testcase name="queryHints" time="2.397" classname="org.jpwh.test.querying.CreateExecuteQueries"/>
  <testcase name="namedQueries" time="2.490" classname="org.jpwh.test.querying.CreateExecuteQueries"/>
  <testcase name="pagination" time="2.699" classname="org.jpwh.test.querying.CreateExecuteQueries"/>
  <testcase name="createTypedQueries" time="2.397" classname="org.jpwh.test.querying.CreateExecuteQueries"/>
  <testcase name="createHibernateQueries" time="2.544" classname="org.jpwh.test.querying.CreateExecuteQueries"/>
  <testcase name="createQueries" time="2.513" classname="org.jpwh.test.querying.CreateExecuteQueries"/>
  <testcase name="createNamedQueries" time="2.678" classname="org.jpwh.test.querying.CreateExecuteQueries"/>
  <testcase name="parameterBinding" time="2.464" classname="org.jpwh.test.querying.CreateExecuteQueries"/>
  <testcase name="executeQueries" time="2.464" classname="org.jpwh.test.querying.CreateExecuteQueries"/>
</testsuite> <!-- org.jpwh.test.querying.CreateExecuteQueries -->
