<?xml version="1.0" encoding="UTF-8"?>
<!-- Generated by org.testng.reporters.JUnitReportReporter -->
<testsuite hostname="smekto4ka" name="org.jpwh.test.advanced.GeneratedProperties" tests="2" failures="0" timestamp="1 May 2021 09:50:18 GMT" time="0.281" errors="0">
  <testcase name="storeLoadInitialPrice" time="0.134" classname="org.jpwh.test.advanced.GeneratedProperties"/>
  <testcase name="storeLoadLastModified" time="0.147" classname="org.jpwh.test.advanced.GeneratedProperties"/>
</testsuite> <!-- org.jpwh.test.advanced.GeneratedProperties -->
