<?xml version="1.0" encoding="UTF-8"?>
<!-- Generated by org.testng.reporters.JUnitReportReporter -->
<testsuite hostname="smekto4ka" name="org.jpwh.test.simple.SimpleTransitions" tests="11" failures="0" timestamp="1 May 2021 09:50:18 GMT" time="1.915" errors="0">
  <testcase name="mergeDetached" time="0.148" classname="org.jpwh.test.simple.SimpleTransitions"/>
  <testcase name="replicate" time="0.220" classname="org.jpwh.test.simple.SimpleTransitions"/>
  <testcase name="makeTransient" time="0.161" classname="org.jpwh.test.simple.SimpleTransitions"/>
  <testcase name="flushModeType" time="0.139" classname="org.jpwh.test.simple.SimpleTransitions"/>
  <testcase name="refresh" time="0.200" classname="org.jpwh.test.simple.SimpleTransitions"/>
  <testcase name="scopeOfIdentity" time="0.144" classname="org.jpwh.test.simple.SimpleTransitions"/>
  <testcase name="detach" time="0.175" classname="org.jpwh.test.simple.SimpleTransitions"/>
  <testcase name="makePersistent" time="0.190" classname="org.jpwh.test.simple.SimpleTransitions"/>
  <testcase name="retrievePersistentReference" time="0.231" classname="org.jpwh.test.simple.SimpleTransitions"/>
  <testcase name="retrievePersistent" time="0.169" classname="org.jpwh.test.simple.SimpleTransitions"/>
  <testcase name="basicUOW" time="0.138" classname="org.jpwh.test.simple.SimpleTransitions"/>
</testsuite> <!-- org.jpwh.test.simple.SimpleTransitions -->
