<?xml version="1.0" encoding="UTF-8"?>
<!-- Generated by org.testng.reporters.JUnitReportReporter -->
<testsuite hostname="smekto4ka" name="org.jpwh.test.inheritance.MappedSuperclass" tests="4" failures="0" timestamp="1 May 2021 09:50:18 GMT" time="0.523" errors="0">
  <testcase name="storeBillingDetailsLoadCreditCards" time="0.127" classname="org.jpwh.test.inheritance.MappedSuperclass"/>
  <testcase name="storeLoadBillingDetails" time="0.112" classname="org.jpwh.test.inheritance.MappedSuperclass"/>
  <testcase name="jdbcSqlQueryCreditCard" time="0.113" classname="org.jpwh.test.inheritance.MappedSuperclass"/>
  <testcase name="jdbcSqlQueryBankAccount" time="0.171" classname="org.jpwh.test.inheritance.MappedSuperclass"/>
</testsuite> <!-- org.jpwh.test.inheritance.MappedSuperclass -->
