<?xml version="1.0" encoding="UTF-8"?>
<!-- Generated by org.testng.reporters.JUnitReportReporter -->
<testsuite hostname="smekto4ka" name="org.jpwh.helloworld.HelloWorldHibernate" tests="1" failures="0" timestamp="1 May 2021 09:50:18 GMT" time="0.824" errors="0">
  <testcase name="storeLoadMessage" time="0.824" classname="org.jpwh.helloworld.HelloWorldHibernate"/>
</testsuite> <!-- org.jpwh.helloworld.HelloWorldHibernate -->
