<?xml version="1.0" encoding="UTF-8"?>
<!-- Generated by org.testng.reporters.JUnitReportReporter -->
<testsuite hostname="smekto4ka" name="org.jpwh.test.querying.advanced.HibernateCriteria" tests="2" failures="0" timestamp="1 May 2021 09:50:18 GMT" time="4.885" errors="0">
  <testcase name="executeQueries" time="2.486" classname="org.jpwh.test.querying.advanced.HibernateCriteria"/>
  <testcase name="foo" time="2.399" classname="org.jpwh.test.querying.advanced.HibernateCriteria"/>
</testsuite> <!-- org.jpwh.test.querying.advanced.HibernateCriteria -->
