<?xml version="1.0" encoding="UTF-8"?>
<!-- Generated by org.testng.reporters.JUnitReportReporter -->
<testsuite hostname="smekto4ka" name="org.jpwh.test.fetching.Batch" tests="2" failures="0" timestamp="1 May 2021 09:50:18 GMT" time="0.247" errors="0">
  <testcase name="fetchCollectionBatches" time="0.136" classname="org.jpwh.test.fetching.Batch"/>
  <testcase name="fetchProxyBatches" time="0.111" classname="org.jpwh.test.fetching.Batch"/>
</testsuite> <!-- org.jpwh.test.fetching.Batch -->
