<?xml version="1.0" encoding="UTF-8"?>
<!-- Generated by org.testng.reporters.JUnitReportReporter -->
<testsuite hostname="smekto4ka" name="org.jpwh.test.querying.sql.JDBCFallback" tests="1" failures="0" timestamp="1 May 2021 09:50:18 GMT" time="2.580" errors="0">
  <testcase name="queryItems" time="2.580" classname="org.jpwh.test.querying.sql.JDBCFallback"/>
</testsuite> <!-- org.jpwh.test.querying.sql.JDBCFallback -->
