<?xml version="1.0" encoding="UTF-8"?>
<!-- Generated by org.testng.reporters.JUnitReportReporter -->
<testsuite hostname="smekto4ka" name="org.jpwh.test.inheritance.Embeddable" tests="1" failures="0" timestamp="1 May 2021 09:50:18 GMT" time="0.115" errors="0">
  <testcase name="storeAndLoad" time="0.115" classname="org.jpwh.test.inheritance.Embeddable"/>
</testsuite> <!-- org.jpwh.test.inheritance.Embeddable -->
