<?xml version="1.0" encoding="UTF-8"?>
<!-- Generated by org.testng.reporters.JUnitReportReporter -->
<testsuite hostname="smekto4ka" name="org.jpwh.test.simple.ModelOperations" tests="2" failures="0" timestamp="1 May 2021 09:50:18 GMT" time="0.243" errors="0">
  <testcase name="linkBidAndItem" time="0.001" classname="org.jpwh.test.simple.ModelOperations"/>
  <testcase name="validateItem" time="0.242" classname="org.jpwh.test.simple.ModelOperations"/>
</testsuite> <!-- org.jpwh.test.simple.ModelOperations -->
