<?xml version="1.0" encoding="UTF-8"?>
<!-- Generated by org.testng.reporters.JUnitReportReporter -->
<testsuite hostname="smekto4ka" name="org.jpwh.test.complexschemas.CompositeKeyReadOnly" tests="1" failures="0" timestamp="1 May 2021 09:50:18 GMT" time="0.814" errors="0">
  <testcase name="storeLoad" time="0.814" classname="org.jpwh.test.complexschemas.CompositeKeyReadOnly"/>
</testsuite> <!-- org.jpwh.test.complexschemas.CompositeKeyReadOnly -->
