<?xml version="1.0" encoding="UTF-8"?>
<!-- Generated by org.testng.reporters.JUnitReportReporter -->
<testsuite hostname="smekto4ka" name="org.jpwh.test.inheritance.Joined" tests="4" failures="0" timestamp="1 May 2021 09:50:18 GMT" time="0.511" errors="0">
  <testcase name="storeBillingDetailsLoadCreditCards" time="0.119" classname="org.jpwh.test.inheritance.Joined"/>
  <testcase name="jdbcCreditCardSqlQuery" time="0.142" classname="org.jpwh.test.inheritance.Joined"/>
  <testcase name="storeLoadBillingDetails" time="0.126" classname="org.jpwh.test.inheritance.Joined"/>
  <testcase name="jdbcBillingDetailsSqlQuery" time="0.124" classname="org.jpwh.test.inheritance.Joined"/>
</testsuite> <!-- org.jpwh.test.inheritance.Joined -->
