<?xml version="1.0" encoding="UTF-8"?>
<!-- Generated by org.testng.reporters.JUnitReportReporter -->
<testsuite hostname="smekto4ka" name="org.jpwh.test.inheritance.TablePerClass" tests="3" failures="0" timestamp="1 May 2021 09:50:18 GMT" time="0.334" errors="0">
  <testcase name="storeLoadBillingDetails" time="0.107" classname="org.jpwh.test.inheritance.TablePerClass"/>
  <testcase name="storeBillingDetailsLoadCreditCards" time="0.114" classname="org.jpwh.test.inheritance.TablePerClass"/>
  <testcase name="jdbcBillingDetailsSqlQuery" time="0.113" classname="org.jpwh.test.inheritance.TablePerClass"/>
</testsuite> <!-- org.jpwh.test.inheritance.TablePerClass -->
