<?xml version="1.0" encoding="UTF-8"?>
<!-- Generated by org.testng.reporters.JUnitReportReporter -->
<testsuite hostname="smekto4ka" name="org.jpwh.test.inheritance.Mixed" tests="3" failures="0" timestamp="1 May 2021 09:50:18 GMT" time="0.388" errors="0">
  <testcase name="jdbcBillingDetailsSqlQuery" time="0.167" classname="org.jpwh.test.inheritance.Mixed"/>
  <testcase name="storeLoadBillingDetails" time="0.112" classname="org.jpwh.test.inheritance.Mixed"/>
  <testcase name="storeBillingDetailsLoadCreditCards" time="0.109" classname="org.jpwh.test.inheritance.Mixed"/>
</testsuite> <!-- org.jpwh.test.inheritance.Mixed -->
