<?xml version="1.0" encoding="UTF-8"?>
<!-- Generated by org.testng.reporters.JUnitReportReporter -->
<testsuite hostname="smekto4ka" name="org.jpwh.test.concurrency.Locking" tests="6" failures="0" timestamp="1 May 2021 09:50:18 GMT" time="2.849" errors="0">
  <testcase name="extendedLock" time="0.116" classname="org.jpwh.test.concurrency.Locking"/>
  <testcase name="forceIncrement" time="0.137" classname="org.jpwh.test.concurrency.Locking"/>
  <testcase name="manualVersionChecking" time="0.142" classname="org.jpwh.test.concurrency.Locking"/>
  <testcase name="pessimisticReadWrite" time="2.144" classname="org.jpwh.test.concurrency.Locking"/>
  <testcase name="firstCommitWins" time="0.142" classname="org.jpwh.test.concurrency.Locking"/>
  <testcase name="findLock" time="0.168" classname="org.jpwh.test.concurrency.Locking"/>
</testsuite> <!-- org.jpwh.test.concurrency.Locking -->
