<?xml version="1.0" encoding="UTF-8"?>
<!-- Generated by org.testng.reporters.JUnitReportReporter -->
<testsuite hostname="smekto4ka" name="org.jpwh.test.concurrency.NonTransactional" tests="1" failures="0" timestamp="1 May 2021 09:50:18 GMT" time="0.126" errors="0">
  <testcase name="autoCommit" time="0.126" classname="org.jpwh.test.concurrency.NonTransactional"/>
</testsuite> <!-- org.jpwh.test.concurrency.NonTransactional -->
