<?xml version="1.0" encoding="UTF-8"?>
<!-- Generated by org.testng.reporters.JUnitReportReporter -->
<testsuite hostname="smekto4ka" name="org.jpwh.test.fetching.Profile" tests="1" failures="0" timestamp="1 May 2021 09:50:18 GMT" time="0.129" errors="0">
  <testcase name="fetchWithProfile" time="0.129" classname="org.jpwh.test.fetching.Profile"/>
</testsuite> <!-- org.jpwh.test.fetching.Profile -->
