<?xml version="1.0" encoding="UTF-8"?>
<!-- Generated by org.testng.reporters.JUnitReportReporter -->
<testsuite hostname="smekto4ka" name="org.jpwh.test.simple.CRUDMetadataOverrideXML" tests="2" failures="0" timestamp="1 May 2021 09:50:18 GMT" time="0.466" errors="0">
  <testcase name="storeAndQueryItems" time="0.262" classname="org.jpwh.test.simple.CRUDMetadataOverrideXML"/>
  <testcase name="checkMetadataOverride" time="0.204" classname="org.jpwh.test.simple.CRUDMetadataOverrideXML"/>
</testsuite> <!-- org.jpwh.test.simple.CRUDMetadataOverrideXML -->
