<?xml version="1.0" encoding="UTF-8"?>
<!-- Generated by org.testng.reporters.JUnitReportReporter -->
<testsuite hostname="smekto4ka" name="org.jpwh.test.bulkbatch.BulkStatementsSQL" tests="2" failures="0" timestamp="1 May 2021 09:50:18 GMT" time="0.221" errors="0">
  <testcase name="bulkUpdateHibernate" time="0.111" classname="org.jpwh.test.bulkbatch.BulkStatementsSQL"/>
  <testcase name="bulkUpdate" time="0.110" classname="org.jpwh.test.bulkbatch.BulkStatementsSQL"/>
</testsuite> <!-- org.jpwh.test.bulkbatch.BulkStatementsSQL -->
