<?xml version="1.0" encoding="UTF-8"?>
<!-- Generated by org.testng.reporters.JUnitReportReporter -->
<testsuite hostname="smekto4ka" name="org.jpwh.test.converter.Converters" tests="2" failures="0" timestamp="1 May 2021 09:50:18 GMT" time="0.324" errors="0">
  <testcase name="storeAndLoadZipcode" time="0.117" classname="org.jpwh.test.converter.Converters"/>
  <testcase name="storeLoadMonetaryAmount" time="0.207" classname="org.jpwh.test.converter.Converters"/>
</testsuite> <!-- org.jpwh.test.converter.Converters -->
