<?xml version="1.0" encoding="UTF-8"?>
<!-- Generated by org.testng.reporters.JUnitReportReporter -->
<testsuite hostname="smekto4ka" name="org.jpwh.test.conversation.ExtendedPC" tests="2" failures="0" timestamp="1 May 2021 09:50:18 GMT" time="0.214" errors="0">
  <testcase name="conversationCreateItem" time="0.109" classname="org.jpwh.test.conversation.ExtendedPC"/>
  <testcase name="conversationEditItem" time="0.105" classname="org.jpwh.test.conversation.ExtendedPC"/>
</testsuite> <!-- org.jpwh.test.conversation.ExtendedPC -->
