<?xml version="1.0" encoding="UTF-8"?>
<!-- Generated by org.testng.reporters.JUnitReportReporter -->
<testsuite hostname="smekto4ka" name="org.jpwh.test.simple.MappingEmbeddables" tests="2" failures="0" timestamp="1 May 2021 09:50:18 GMT" time="0.274" errors="0">
  <testcase name="storeAndLoadUsers" time="0.135" classname="org.jpwh.test.simple.MappingEmbeddables"/>
  <testcase name="storeAndLoadInvalidUsers" time="0.139" classname="org.jpwh.test.simple.MappingEmbeddables"/>
</testsuite> <!-- org.jpwh.test.simple.MappingEmbeddables -->
