<?xml version="1.0" encoding="UTF-8"?>
<!-- Generated by org.testng.reporters.JUnitReportReporter -->
<testsuite hostname="smekto4ka" name="org.jpwh.test.querying.criteria.Selection" tests="1" failures="0" timestamp="1 May 2021 09:50:18 GMT" time="4.231" errors="0">
  <testcase name="executeQueries" time="4.231" classname="org.jpwh.test.querying.criteria.Selection"/>
</testsuite> <!-- org.jpwh.test.querying.criteria.Selection -->
