<?xml version="1.0" encoding="UTF-8"?>
<!-- Generated by org.testng.reporters.JUnitReportReporter -->
<testsuite hostname="smekto4ka" name="org.jpwh.test.querying.sql.HibernateSQLQueries" tests="2" failures="0" timestamp="1 May 2021 09:50:18 GMT" time="6.126" errors="0">
  <testcase name="executeQueries" time="3.820" classname="org.jpwh.test.querying.sql.HibernateSQLQueries"/>
  <testcase name="executeRecursiveQueries" time="2.306" classname="org.jpwh.test.querying.sql.HibernateSQLQueries"/>
</testsuite> <!-- org.jpwh.test.querying.sql.HibernateSQLQueries -->
