<?xml version="1.0" encoding="UTF-8"?>
<!-- Generated by org.testng.reporters.JUnitReportReporter -->
<testsuite hostname="smekto4ka" name="org.jpwh.test.fetching.LazyInterception" tests="2" failures="0" timestamp="1 May 2021 09:50:18 GMT" time="0.198" errors="0">
  <testcase name="noUserProxy" time="0.100" classname="org.jpwh.test.fetching.LazyInterception"/>
  <testcase name="lazyBasic" time="0.098" classname="org.jpwh.test.fetching.LazyInterception"/>
</testsuite> <!-- org.jpwh.test.fetching.LazyInterception -->
