<?xml version="1.0" encoding="UTF-8"?>
<!-- Generated by org.testng.reporters.JUnitReportReporter -->
<testsuite hostname="smekto4ka" name="org.jpwh.test.fetching.NPlusOneSelects" tests="2" failures="0" timestamp="1 May 2021 09:50:18 GMT" time="0.211" errors="0">
  <testcase name="fetchUsers" time="0.101" classname="org.jpwh.test.fetching.NPlusOneSelects"/>
  <testcase name="fetchBids" time="0.110" classname="org.jpwh.test.fetching.NPlusOneSelects"/>
</testsuite> <!-- org.jpwh.test.fetching.NPlusOneSelects -->
