<?xml version="1.0" encoding="UTF-8"?>
<!-- Generated by org.testng.reporters.JUnitReportReporter -->
<testsuite hostname="smekto4ka" name="org.jpwh.test.complexschemas.CustomSchema" tests="7" failures="0" timestamp="1 May 2021 09:50:18 GMT" time="0.755" errors="0">
  <testcase name="configurePersistenceUnit" time="0.117" classname="org.jpwh.test.complexschemas.CustomSchema"/>
  <testcase name="storeLoadCheckColumnInvalid" time="0.112" classname="org.jpwh.test.complexschemas.CustomSchema"/>
  <testcase name="storeLoadValid" time="0.102" classname="org.jpwh.test.complexschemas.CustomSchema"/>
  <testcase name="storeLoadUniqueMultiColumnValid" time="0.100" classname="org.jpwh.test.complexschemas.CustomSchema"/>
  <testcase name="storeLoadCheckSingleRowInvalid" time="0.107" classname="org.jpwh.test.complexschemas.CustomSchema"/>
  <testcase name="storeLoadCheckSubselectValid" time="0.113" classname="org.jpwh.test.complexschemas.CustomSchema"/>
  <testcase name="storeLoadDomainInvalid" time="0.104" classname="org.jpwh.test.complexschemas.CustomSchema"/>
</testsuite> <!-- org.jpwh.test.complexschemas.CustomSchema -->
