<?xml version="1.0" encoding="UTF-8"?>
<!-- Generated by org.testng.reporters.JUnitReportReporter -->
<testsuite hostname="smekto4ka" name="org.jpwh.test.querying.sql.NativeQueries" tests="2" failures="0" timestamp="1 May 2021 09:50:18 GMT" time="4.980" errors="0">
  <testcase name="executeRecursiveQueries" time="2.482" classname="org.jpwh.test.querying.sql.NativeQueries"/>
  <testcase name="executeQueries" time="2.498" classname="org.jpwh.test.querying.sql.NativeQueries"/>
</testsuite> <!-- org.jpwh.test.querying.sql.NativeQueries -->
