<?xml version="1.0" encoding="UTF-8"?>
<!-- Generated by org.testng.reporters.JUnitReportReporter -->
<testsuite hostname="smekto4ka" name="org.jpwh.test.fetching.ReadOnly" tests="2" failures="0" timestamp="1 May 2021 09:50:18 GMT" time="0.264" errors="0">
  <testcase name="immutableEntity" time="0.160" classname="org.jpwh.test.fetching.ReadOnly"/>
  <testcase name="selectiveReadOnly" time="0.104" classname="org.jpwh.test.fetching.ReadOnly"/>
</testsuite> <!-- org.jpwh.test.fetching.ReadOnly -->
