<?xml version="1.0" encoding="UTF-8"?>
<!-- Generated by org.testng.reporters.JUnitReportReporter -->
<testsuite hostname="smekto4ka" name="org.jpwh.test.fetching.FetchLoadGraph" tests="4" failures="0" timestamp="1 May 2021 09:50:18 GMT" time="0.507" errors="0">
  <testcase name="loadItem" time="0.157" classname="org.jpwh.test.fetching.FetchLoadGraph"/>
  <testcase name="loadBidBidderItem" time="0.121" classname="org.jpwh.test.fetching.FetchLoadGraph"/>
  <testcase name="loadBidBidderItemSellerBids" time="0.114" classname="org.jpwh.test.fetching.FetchLoadGraph"/>
  <testcase name="loadItemSeller" time="0.115" classname="org.jpwh.test.fetching.FetchLoadGraph"/>
</testsuite> <!-- org.jpwh.test.fetching.FetchLoadGraph -->
