<?xml version="1.0" encoding="UTF-8"?>
<!-- Generated by org.testng.reporters.JUnitReportReporter -->
<testsuite hostname="smekto4ka" name="org.jpwh.test.fetching.LazyProxyCollections" tests="2" failures="0" timestamp="1 May 2021 09:50:18 GMT" time="0.253" errors="0">
  <testcase name="lazyEntityProxies" time="0.127" classname="org.jpwh.test.fetching.LazyProxyCollections"/>
  <testcase name="lazyCollections" time="0.126" classname="org.jpwh.test.fetching.LazyProxyCollections"/>
</testsuite> <!-- org.jpwh.test.fetching.LazyProxyCollections -->
