<?xml version="1.0" encoding="UTF-8"?>
<!-- Generated by org.testng.reporters.JUnitReportReporter -->
<testsuite hostname="smekto4ka" name="org.jpwh.test.querying.jpql.Restriction" tests="2" failures="0" timestamp="1 May 2021 09:50:18 GMT" time="4.816" errors="0">
  <testcase name="executeQueries" time="2.370" classname="org.jpwh.test.querying.jpql.Restriction"/>
  <testcase name="executeQueriesWithFunctions" time="2.446" classname="org.jpwh.test.querying.jpql.Restriction"/>
</testsuite> <!-- org.jpwh.test.querying.jpql.Restriction -->
