<?xml version="1.0" encoding="UTF-8"?>
<!-- Generated by org.testng.reporters.JUnitReportReporter -->
<testsuite hostname="smekto4ka" name="org.jpwh.test.customsql.CustomSQL" tests="4" failures="0" timestamp="1 May 2021 09:50:18 GMT" time="3.474" errors="0">
  <testcase name="delete" time="0.826" classname="org.jpwh.test.customsql.CustomSQL"/>
  <testcase name="read" time="1.004" classname="org.jpwh.test.customsql.CustomSQL"/>
  <testcase name="update" time="0.802" classname="org.jpwh.test.customsql.CustomSQL"/>
  <testcase name="readRestrictedCollection" time="0.842" classname="org.jpwh.test.customsql.CustomSQL"/>
</testsuite> <!-- org.jpwh.test.customsql.CustomSQL -->
