<?xml version="1.0" encoding="UTF-8"?>
<!-- Generated by org.testng.reporters.JUnitReportReporter -->
<testsuite hostname="smekto4ka" name="org.jpwh.test.collections.MapOfStringsEmbeddables" tests="1" failures="0" timestamp="1 May 2021 09:50:18 GMT" time="0.104" errors="0">
  <testcase name="storeLoadCollection" time="0.104" classname="org.jpwh.test.collections.MapOfStringsEmbeddables"/>
</testsuite> <!-- org.jpwh.test.collections.MapOfStringsEmbeddables -->
