<?xml version="1.0" encoding="UTF-8"?>
<!-- Generated by org.testng.reporters.JUnitReportReporter -->
<testsuite hostname="smekto4ka" name="org.jpwh.test.associations.OneToManyEmbeddableJoinTable" tests="1" failures="0" timestamp="1 May 2021 09:50:18 GMT" time="0.105" errors="0">
  <testcase name="storeAndLoadUsersShipments" time="0.105" classname="org.jpwh.test.associations.OneToManyEmbeddableJoinTable"/>
</testsuite> <!-- org.jpwh.test.associations.OneToManyEmbeddableJoinTable -->
