<?xml version="1.0" encoding="UTF-8"?>
<!-- Generated by org.testng.reporters.JUnitReportReporter -->
<testsuite hostname="smekto4ka" name="org.jpwh.test.associations.OneToOneForeignKey" tests="2" failures="0" timestamp="1 May 2021 09:50:18 GMT" time="0.194" errors="0">
  <testcase name="storeAndLoadUserAddress" time="0.096" classname="org.jpwh.test.associations.OneToOneForeignKey"/>
  <testcase name="storeNonUniqueRelationship" time="0.098" classname="org.jpwh.test.associations.OneToOneForeignKey"/>
</testsuite> <!-- org.jpwh.test.associations.OneToOneForeignKey -->
