<?xml version="1.0" encoding="UTF-8"?>
<!-- Generated by org.testng.reporters.JUnitReportReporter -->
<testsuite hostname="smekto4ka" name="org.jpwh.test.querying.jpql.Projection" tests="2" failures="0" timestamp="1 May 2021 09:50:18 GMT" time="4.908" errors="0">
  <testcase name="executeQueries" time="2.389" classname="org.jpwh.test.querying.jpql.Projection"/>
  <testcase name="executeQueriesWithFunctions" time="2.519" classname="org.jpwh.test.querying.jpql.Projection"/>
</testsuite> <!-- org.jpwh.test.querying.jpql.Projection -->
