<?xml version="1.0" encoding="UTF-8"?>
<!-- Generated by org.testng.reporters.JUnitReportReporter -->
<testsuite hostname="smekto4ka" name="org.jpwh.test.querying.criteria.Restriction" tests="2" failures="0" timestamp="1 May 2021 09:50:18 GMT" time="4.811" errors="0">
  <testcase name="executeQueriesWithFunctions" time="2.470" classname="org.jpwh.test.querying.criteria.Restriction"/>
  <testcase name="executeQueries" time="2.341" classname="org.jpwh.test.querying.criteria.Restriction"/>
</testsuite> <!-- org.jpwh.test.querying.criteria.Restriction -->
