<?xml version="1.0" encoding="UTF-8"?>
<!-- Generated by org.testng.reporters.JUnitReportReporter -->
<testsuite hostname="smekto4ka" name="org.jpwh.test.inheritance.SingleTable" tests="4" failures="0" timestamp="1 May 2021 09:50:18 GMT" time="0.506" errors="0">
  <testcase name="jdbcBillingDetailsSqlQuery" time="0.120" classname="org.jpwh.test.inheritance.SingleTable"/>
  <testcase name="storeLoadBillingDetails" time="0.150" classname="org.jpwh.test.inheritance.SingleTable"/>
  <testcase name="storeBillingDetailsLoadCreditCards" time="0.112" classname="org.jpwh.test.inheritance.SingleTable"/>
  <testcase name="jdbcCreditCardSqlQuery" time="0.124" classname="org.jpwh.test.inheritance.SingleTable"/>
</testsuite> <!-- org.jpwh.test.inheritance.SingleTable -->
