<?xml version="1.0" encoding="UTF-8"?>
<!-- Generated by org.testng.reporters.JUnitReportReporter -->
<testsuite hostname="smekto4ka" name="org.jpwh.test.filtering.DynamicFilter" tests="2" failures="0" timestamp="1 May 2021 09:50:18 GMT" time="0.214" errors="0">
  <testcase name="filterCollection" time="0.109" classname="org.jpwh.test.filtering.DynamicFilter"/>
  <testcase name="filterItems" time="0.105" classname="org.jpwh.test.filtering.DynamicFilter"/>
</testsuite> <!-- org.jpwh.test.filtering.DynamicFilter -->
